<?xml version="1.0" encoding="UTF-8"?>
<!-- Generated by org.testng.reporters.JUnitReportReporter -->
<testsuite skipped="0" hostname="SAMSUNG" name="com.buildit.Base.Runner" tests="1" failures="0" timestamp="27 Jun 2020 17:11:57 GMT" time="4.805" errors="0">
  <testcase name="runScenario" time="4.805" classname="com.buildit.Base.Runner"/>
</testsuite> <!-- com.buildit.Base.Runner -->
